<?xml version="1.0" encoding="UTF-8" standalone="no" ?>
<testsuites>
  <testsuite errors="0" failures="0" name="" skipped="0" tests="0" time="0"/>
</testsuites>
